Scenario #1:
Did you mean:
BRAINS?
BRIANS?

Did you mean:
CAREER?
CARER?
RACER?

No matches found.

Did you mean:
DEER?
RED?

Scenario #2:
No matches found.

No matches found.

No matches found.

No matches found.

Did you mean:
BUBBLES?

No matches found.

No matches found.

Scenario #3:
No matches found.

No matches found.

No matches found.

No matches found.

Scenario #4:
No matches found.

No matches found.

No matches found.

No matches found.

No matches found.

Scenario #5:
No matches found.

Did you mean:
BARN?
BARNN?
BARNNNNN?

Did you mean:
BARN?
BARNN?
BARNNNNN?

Scenario #6:
No matches found.

No matches found.

No matches found.

No matches found.

No matches found.

Scenario #7:
No matches found.

No matches found.

No matches found.

No matches found.

No matches found.

Scenario #8:
No matches found.

No matches found.

No matches found.

No matches found.

No matches found.

Scenario #9:
No matches found.

No matches found.

No matches found.

No matches found.

No matches found.

No matches found.

No matches found.

No matches found.

No matches found.

No matches found.

Scenario #10:
No matches found.

No matches found.

No matches found.

No matches found.

No matches found.

Scenario #11:
Did you mean:
A?
AA?
AAA?
AAAA?
AAAAA?
AAAAAA?
AAAAAAA?
AAAAAAAA?
AAAAAAAAA?
AAAAAAAAAA?
AAAAAAAAAAA?
AAAAAAAAAAAA?
AAAAAAAAAAAAA?
AAAAAAAAAAAAAA?
AAAAAAAAAAAAAAA?
AAAAAAAAAAAAAAAA?
AAAAAAAAAAAAAAAAA?
AAAAAAAAAAAAAAAAAA?
AAAAAAAAAAAAAAAAAAA?
AAAAAAAAAAAAAAAAAAAA?
AAAAAAAAAAAAAAAAAAAAA?
AAAAAAAAAAAAAAAAAAAAAA?
AAAAAAAAAAAAAAAAAAAAAAA?
AAAAAAAAAAAAAAAAAAAAAAAA?
AAAAAAAAAAAAAAAAAAAAAAAAA?
AAAAAAAAAAAAAAAAAAAAAAAAAA?
AAAAAAAAAAAAAAAAAAAAAAAAAAA?
AAAAAAAAAAAAAAAAAAAAAAAAAAAA?
AAAAAAAAAAAAAAAAAAAAAAAAAAAAA?
AAAAAAAAAAAAAAAAAAAAAAAAAAAAAA?

Did you mean:
AAAAAAAAAAAAAAAAAAAAAAAAAAAAAB?
AAAAAAAAAAAAAAAAAAAAAAAAAAAABB?
AAAAAAAAAAAAAAAAAAAAAAAAAAABBB?
AAAAAAAAAAAAAAAAAAAAAAAAAABBBB?
AAAAAAAAAAAAAAAAAAAAAAAAABBBBB?
AAAAAAAAAAAAAAAAAAAAAAAABBBBBB?
AAAAAAAAAAAAAAAAAAAAAAABBBBBBB?
AAAAAAAAAAAAAAAAAAAAAABBBBBBBB?
AAAAAAAAAAAAAAAAAAAAABBBBBBBBB?
AAAAAAAAAAAAAAAAAAAABBBBBBBBBB?
AAAAAAAAAAAAAAAAAAABBBBBBBBBBB?
AAAAAAAAAAAAAAAAAABBBBBBBBBBBB?
AAAAAAAAAAAAAAAAABBBBBBBBBBBBB?
AAAAAAAAAAAAAAAABBBBBBBBBBBBBB?
AAAAAAAAAAAAAAABBBBBBBBBBBBBBB?
AAAAAAAAAAAAAABBBBBBBBBBBBBBBB?
AAAAAAAAAAAAABBBBBBBBBBBBBBBBB?
AAAAAAAAAAAABBBBBBBBBBBBBBBBBB?
AAAAAAAAAAABBBBBBBBBBBBBBBBBBB?
AAAAAAAAAABBBBBBBBBBBBBBBBBBBB?
AAAAAAAAABBBBBBBBBBBBBBBBBBBBB?
AAAAAAAABBBBBBBBBBBBBBBBBBBBBB?
AAAAAAABBBBBBBBBBBBBBBBBBBBBBB?
AAAAAABBBBBBBBBBBBBBBBBBBBBBBB?
AAAAABBBBBBBBBBBBBBBBBBBBBBBBB?
AAAABBBBBBBBBBBBBBBBBBBBBBBBBB?
AAABBBBBBBBBBBBBBBBBBBBBBBBBBB?
AABBBBBBBBBBBBBBBBBBBBBBBBBBBB?
ABBBBBBBBBBBBBBBBBBBBBBBBBBBBB?
BAAAAAAAAAAAAAAAAAAAAAAAAAAAAA?
BBAAAAAAAAAAAAAAAAAAAAAAAAAAAA?
BBBAAAAAAAAAAAAAAAAAAAAAAAAAAA?
BBBBAAAAAAAAAAAAAAAAAAAAAAAAAA?
BBBBBAAAAAAAAAAAAAAAAAAAAAAAAA?
BBBBBBAAAAAAAAAAAAAAAAAAAAAAAA?
BBBBBBBAAAAAAAAAAAAAAAAAAAAAAA?
BBBBBBBBAAAAAAAAAAAAAAAAAAAAAA?
BBBBBBBBBAAAAAAAAAAAAAAAAAAAAA?
BBBBBBBBBBAAAAAAAAAAAAAAAAAAAA?
BBBBBBBBBBBAAAAAAAAAAAAAAAAAAA?
BBBBBBBBBBBBAAAAAAAAAAAAAAAAAA?
BBBBBBBBBBBBBAAAAAAAAAAAAAAAAA?
BBBBBBBBBBBBBBAAAAAAAAAAAAAAAA?
BBBBBBBBBBBBBBBAAAAAAAAAAAAAAA?
BBBBBBBBBBBBBBBBAAAAAAAAAAAAAA?
BBBBBBBBBBBBBBBBBAAAAAAAAAAAAA?
BBBBBBBBBBBBBBBBBBAAAAAAAAAAAA?
BBBBBBBBBBBBBBBBBBBAAAAAAAAAAA?
BBBBBBBBBBBBBBBBBBBBAAAAAAAAAA?
BBBBBBBBBBBBBBBBBBBBBAAAAAAAAA?
BBBBBBBBBBBBBBBBBBBBBBAAAAAAAA?
BBBBBBBBBBBBBBBBBBBBBBBAAAAAAA?
BBBBBBBBBBBBBBBBBBBBBBBBAAAAAA?
BBBBBBBBBBBBBBBBBBBBBBBBBAAAAA?
BBBBBBBBBBBBBBBBBBBBBBBBBBAAAA?
BBBBBBBBBBBBBBBBBBBBBBBBBBBAAA?
BBBBBBBBBBBBBBBBBBBBBBBBBBBBAA?
BBBBBBBBBBBBBBBBBBBBBBBBBBBBBA?

No matches found.

Did you mean:
AAAAAAAAAAAAAAAAAAAAAAAAAAABCD?
ABBBBBBBBBBBBBBBBBBBBBBBBBBBCD?
ABCCCCCCCCCCCCCCCCCCCCCCCCCCCD?
ABCDDDDDDDDDDDDDDDDDDDDDDDDDDD?
DCBAAAAAAAAAAAAAAAAAAAAAAAAAAA?
DCBBBBBBBBBBBBBBBBBBBBBBBBBBBA?
DCCCCCCCCCCCCCCCCCCCCCCCCCCCBA?
DDDDDDDDDDDDDDDDDDDDDDDDDDDCBA?

Did you mean:
AAAAAAAAAAAAAAAAAAAAAAAAAABCDE?
ABBBBBBBBBBBBBBBBBBBBBBBBBBCDE?
ABCCCCCCCCCCCCCCCCCCCCCCCCCCDE?
ABCDDDDDDDDDDDDDDDDDDDDDDDDDDE?
ABCDEEEEEEEEEEEEEEEEEEEEEEEEEE?
EDCBAAAAAAAAAAAAAAAAAAAAAAAAAA?
EDCBBBBBBBBBBBBBBBBBBBBBBBBBBA?
EDCCCCCCCCCCCCCCCCCCCCCCCCCCBA?
EDDDDDDDDDDDDDDDDDDDDDDDDDDCBA?
EEEEEEEEEEEEEEEEEEEEEEEEEEDCBA?

Did you mean:
AAAAAAAAAAAAAAAAAAAAAAAAABCDEF?
ABBBBBBBBBBBBBBBBBBBBBBBBBCDEF?
ABCCCCCCCCCCCCCCCCCCCCCCCCCDEF?
ABCDDDDDDDDDDDDDDDDDDDDDDDDDEF?
ABCDEEEEEEEEEEEEEEEEEEEEEEEEEF?
ABCDEFFFFFFFFFFFFFFFFFFFFFFFFF?
FEDCBAAAAAAAAAAAAAAAAAAAAAAAAA?
FEDCBBBBBBBBBBBBBBBBBBBBBBBBBA?
FEDCCCCCCCCCCCCCCCCCCCCCCCCCBA?
FEDDDDDDDDDDDDDDDDDDDDDDDDDCBA?
FEEEEEEEEEEEEEEEEEEEEEEEEEDCBA?
FFFFFFFFFFFFFFFFFFFFFFFFFEDCBA?

Did you mean:
AAAAAAAAAAAAAAAAAAAAAAAABCDEFG?
ABBBBBBBBBBBBBBBBBBBBBBBBCDEFG?
ABCCCCCCCCCCCCCCCCCCCCCCCCDEFG?
ABCDDDDDDDDDDDDDDDDDDDDDDDDEFG?
ABCDEEEEEEEEEEEEEEEEEEEEEEEEFG?
ABCDEFFFFFFFFFFFFFFFFFFFFFFFFG?
ABCDEFGGGGGGGGGGGGGGGGGGGGGGGG?
GFEDCBAAAAAAAAAAAAAAAAAAAAAAAA?
GFEDCBBBBBBBBBBBBBBBBBBBBBBBBA?
GFEDCCCCCCCCCCCCCCCCCCCCCCCCBA?
GFEDDDDDDDDDDDDDDDDDDDDDDDDCBA?
GFEEEEEEEEEEEEEEEEEEEEEEEEDCBA?
GFFFFFFFFFFFFFFFFFFFFFFFFEDCBA?
GGGGGGGGGGGGGGGGGGGGGGGGFEDCBA?

Did you mean:
AAAAAAAAAAAAAAAAAAAAAAABCDEFGH?
ABBBBBBBBBBBBBBBBBBBBBBBCDEFGH?
ABCCCCCCCCCCCCCCCCCCCCCCCDEFGH?
ABCDDDDDDDDDDDDDDDDDDDDDDDEFGH?
ABCDEEEEEEEEEEEEEEEEEEEEEEEFGH?
ABCDEFFFFFFFFFFFFFFFFFFFFFFFGH?
ABCDEFGGGGGGGGGGGGGGGGGGGGGGGH?
ABCDEFGHHHHHHHHHHHHHHHHHHHHHHH?
HGFEDCBAAAAAAAAAAAAAAAAAAAAAAA?
HGFEDCBBBBBBBBBBBBBBBBBBBBBBBA?
HGFEDCCCCCCCCCCCCCCCCCCCCCCCBA?
HGFEDDDDDDDDDDDDDDDDDDDDDDDCBA?
HGFEEEEEEEEEEEEEEEEEEEEEEEDCBA?
HGFFFFFFFFFFFFFFFFFFFFFFFEDCBA?
HGGGGGGGGGGGGGGGGGGGGGGGFEDCBA?
HHHHHHHHHHHHHHHHHHHHHHHGFEDCBA?

Did you mean:
AAAAAAAAAAAAAAAAAAAAAABCDEFGHI?
ABBBBBBBBBBBBBBBBBBBBBBCDEFGHI?
ABCCCCCCCCCCCCCCCCCCCCCCDEFGHI?
ABCDDDDDDDDDDDDDDDDDDDDDDEFGHI?
ABCDEEEEEEEEEEEEEEEEEEEEEEFGHI?
ABCDEFFFFFFFFFFFFFFFFFFFFFFGHI?
ABCDEFGGGGGGGGGGGGGGGGGGGGGGHI?
ABCDEFGHHHHHHHHHHHHHHHHHHHHHHI?
ABCDEFGHIIIIIIIIIIIIIIIIIIIIII?
IHGFEDCBAAAAAAAAAAAAAAAAAAAAAA?
IHGFEDCBBBBBBBBBBBBBBBBBBBBBBA?
IHGFEDCCCCCCCCCCCCCCCCCCCCCCBA?
IHGFEDDDDDDDDDDDDDDDDDDDDDDCBA?
IHGFEEEEEEEEEEEEEEEEEEEEEEDCBA?
IHGFFFFFFFFFFFFFFFFFFFFFFEDCBA?
IHGGGGGGGGGGGGGGGGGGGGGGFEDCBA?
IHHHHHHHHHHHHHHHHHHHHHHGFEDCBA?
IIIIIIIIIIIIIIIIIIIIIIHGFEDCBA?

Did you mean:
AAAAAAAAAAAAAAAAAAAAABCDEFGHIJ?
ABBBBBBBBBBBBBBBBBBBBBCDEFGHIJ?
ABCCCCCCCCCCCCCCCCCCCCCDEFGHIJ?
ABCDDDDDDDDDDDDDDDDDDDDDEFGHIJ?
ABCDEEEEEEEEEEEEEEEEEEEEEFGHIJ?
ABCDEFFFFFFFFFFFFFFFFFFFFFGHIJ?
ABCDEFGGGGGGGGGGGGGGGGGGGGGHIJ?
ABCDEFGHHHHHHHHHHHHHHHHHHHHHIJ?
ABCDEFGHIIIIIIIIIIIIIIIIIIIIIJ?
ABCDEFGHIJJJJJJJJJJJJJJJJJJJJJ?
JIHGFEDCBAAAAAAAAAAAAAAAAAAAAA?
JIHGFEDCBBBBBBBBBBBBBBBBBBBBBA?
JIHGFEDCCCCCCCCCCCCCCCCCCCCCBA?
JIHGFEDDDDDDDDDDDDDDDDDDDDDCBA?
JIHGFEEEEEEEEEEEEEEEEEEEEEDCBA?
JIHGFFFFFFFFFFFFFFFFFFFFFEDCBA?
JIHGGGGGGGGGGGGGGGGGGGGGFEDCBA?
JIHHHHHHHHHHHHHHHHHHHHHGFEDCBA?
JIIIIIIIIIIIIIIIIIIIIIHGFEDCBA?
JJJJJJJJJJJJJJJJJJJJJIHGFEDCBA?

Did you mean:
AAAAAAAAAAAAAAAAAAAABCDEFGHIJK?
ABBBBBBBBBBBBBBBBBBBBCDEFGHIJK?
ABCCCCCCCCCCCCCCCCCCCCDEFGHIJK?
ABCDDDDDDDDDDDDDDDDDDDDEFGHIJK?
ABCDEEEEEEEEEEEEEEEEEEEEFGHIJK?
ABCDEFFFFFFFFFFFFFFFFFFFFGHIJK?
ABCDEFGGGGGGGGGGGGGGGGGGGGHIJK?
ABCDEFGHHHHHHHHHHHHHHHHHHHHIJK?
ABCDEFGHIIIIIIIIIIIIIIIIIIIIJK?
ABCDEFGHIJJJJJJJJJJJJJJJJJJJJK?
ABCDEFGHIJKKKKKKKKKKKKKKKKKKKK?
KJIHGFEDCBAAAAAAAAAAAAAAAAAAAA?
KJIHGFEDCBBBBBBBBBBBBBBBBBBBBA?
KJIHGFEDCCCCCCCCCCCCCCCCCCCCBA?
KJIHGFEDDDDDDDDDDDDDDDDDDDDCBA?
KJIHGFEEEEEEEEEEEEEEEEEEEEDCBA?
KJIHGFFFFFFFFFFFFFFFFFFFFEDCBA?
KJIHGGGGGGGGGGGGGGGGGGGGFEDCBA?
KJIHHHHHHHHHHHHHHHHHHHHGFEDCBA?
KJIIIIIIIIIIIIIIIIIIIIHGFEDCBA?
KJJJJJJJJJJJJJJJJJJJJIHGFEDCBA?
KKKKKKKKKKKKKKKKKKKKJIHGFEDCBA?

Did you mean:
AAAAAAAAAAAAAAAAAAABCDEFGHIJKL?
ABBBBBBBBBBBBBBBBBBBCDEFGHIJKL?
ABCCCCCCCCCCCCCCCCCCCDEFGHIJKL?
ABCDDDDDDDDDDDDDDDDDDDEFGHIJKL?
ABCDEEEEEEEEEEEEEEEEEEEFGHIJKL?
ABCDEFFFFFFFFFFFFFFFFFFFGHIJKL?
ABCDEFGGGGGGGGGGGGGGGGGGGHIJKL?
ABCDEFGHHHHHHHHHHHHHHHHHHHIJKL?
ABCDEFGHIIIIIIIIIIIIIIIIIIIJKL?
ABCDEFGHIJJJJJJJJJJJJJJJJJJJKL?
ABCDEFGHIJKLLLLLLLLLLLLLLLLLLL?
LKJIHGFEDCBAAAAAAAAAAAAAAAAAAA?
LKJIHGFEDCBBBBBBBBBBBBBBBBBBBA?
LKJIHGFEDCCCCCCCCCCCCCCCCCCCBA?
LKJIHGFEDDDDDDDDDDDDDDDDDDDCBA?
LKJIHGFEEEEEEEEEEEEEEEEEEEDCBA?
LKJIHGFFFFFFFFFFFFFFFFFFFEDCBA?
LKJIHGGGGGGGGGGGGGGGGGGGFEDCBA?
LKJIHHHHHHHHHHHHHHHHHHHGFEDCBA?
LKJIIIIIIIIIIIIIIIIIIIHGFEDCBA?
LKJJJJJJJJJJJJJJJJJJJIHGFEDCBA?
LLLLLLLLLLLLLLLLLLLKJIHGFEDCBA?

Did you mean:
AAAAAAAAAAAAAAAAAABCDEFGHIJKLM?
ABBBBBBBBBBBBBBBBBBCDEFGHIJKLM?
ABCCCCCCCCCCCCCCCCCCDEFGHIJKLM?
ABCDDDDDDDDDDDDDDDDDDEFGHIJKLM?
ABCDEEEEEEEEEEEEEEEEEEFGHIJKLM?
ABCDEFFFFFFFFFFFFFFFFFFGHIJKLM?
ABCDEFGGGGGGGGGGGGGGGGGGHIJKLM?
ABCDEFGHHHHHHHHHHHHHHHHHHIJKLM?
ABCDEFGHIIIIIIIIIIIIIIIIIIJKLM?
ABCDEFGHIJJJJJJJJJJJJJJJJJJKLM?
ABCDEFGHIJKKKKKKKKKKKKKKKKKKLM?
ABCDEFGHIJKLLLLLLLLLLLLLLLLLLM?
ABCDEFGHIJKLMMMMMMMMMMMMMMMMMM?
MLKJIHGFEDCBAAAAAAAAAAAAAAAAAA?
MLKJIHGFEDCBBBBBBBBBBBBBBBBBBA?
MLKJIHGFEDCCCCCCCCCCCCCCCCCCBA?
MLKJIHGFEDDDDDDDDDDDDDDDDDDCBA?
MLKJIHGFEEEEEEEEEEEEEEEEEEDCBA?
MLKJIHGFFFFFFFFFFFFFFFFFFEDCBA?
MLKJIHGGGGGGGGGGGGGGGGGGFEDCBA?
MLKJIHHHHHHHHHHHHHHHHHHGFEDCBA?
MLKJIIIIIIIIIIIIIIIIIIHGFEDCBA?
MLKJJJJJJJJJJJJJJJJJJIHGFEDCBA?
MLKKKKKKKKKKKKKKKKKKJIHGFEDCBA?
MLLLLLLLLLLLLLLLLLLKJIHGFEDCBA?
MMMMMMMMMMMMMMMMMMLKJIHGFEDCBA?

Did you mean:
AAAAAAAAAAAAAAAAABCDEFGHIJKLMN?
ABBBBBBBBBBBBBBBBBCDEFGHIJKLMN?
ABCCCCCCCCCCCCCCCCCDEFGHIJKLMN?
ABCDDDDDDDDDDDDDDDDDEFGHIJKLMN?
ABCDEEEEEEEEEEEEEEEEEFGHIJKLMN?
ABCDEFFFFFFFFFFFFFFFFFGHIJKLMN?
ABCDEFGGGGGGGGGGGGGGGGGHIJKLMN?
ABCDEFGHHHHHHHHHHHHHHHHHIJKLMN?
ABCDEFGHIIIIIIIIIIIIIIIIIJKLMN?
ABCDEFGHIJJJJJJJJJJJJJJJJJKLMN?
ABCDEFGHIJKKKKKKKKKKKKKKKKKLMN?
ABCDEFGHIJKLLLLLLLLLLLLLLLLLMN?
ABCDEFGHIJKLMMMMMMMMMMMMMMMMMN?
ABCDEFGHIJKLMNNNNNNNNNNNNNNNNN?
NMLKJIHGFEDCBAAAAAAAAAAAAAAAAA?
NMLKJIHGFEDCBBBBBBBBBBBBBBBBBA?
NMLKJIHGFEDCCCCCCCCCCCCCCCCCBA?
NMLKJIHGFEDDDDDDDDDDDDDDDDDCBA?
NMLKJIHGFEEEEEEEEEEEEEEEEEDCBA?
NMLKJIHGFFFFFFFFFFFFFFFFFEDCBA?
NMLKJIHGGGGGGGGGGGGGGGGGFEDCBA?
NMLKJIHHHHHHHHHHHHHHHHHGFEDCBA?
NMLKJIIIIIIIIIIIIIIIIIHGFEDCBA?
NMLKJJJJJJJJJJJJJJJJJIHGFEDCBA?
NMLKKKKKKKKKKKKKKKKKJIHGFEDCBA?
NMLLLLLLLLLLLLLLLLLKJIHGFEDCBA?
NMMMMMMMMMMMMMMMMMLKJIHGFEDCBA?
NNNNNNNNNNNNNNNNNMLKJIHGFEDCBA?

Did you mean:
AAAAAAAAAAAAAAAABCDEFGHIJKLMNO?
ABBBBBBBBBBBBBBBBCDEFGHIJKLMNO?
ABCCCCCCCCCCCCCCCCDEFGHIJKLMNO?
ABCDDDDDDDDDDDDDDDDEFGHIJKLMNO?
ABCDEEEEEEEEEEEEEEEEFGHIJKLMNO?
ABCDEFFFFFFFFFFFFFFFFGHIJKLMNO?
ABCDEFGGGGGGGGGGGGGGGGHIJKLMNO?
ABCDEFGHHHHHHHHHHHHHHHHIJKLMNO?
ABCDEFGHIIIIIIIIIIIIIIIIJKLMNO?
ABCDEFGHIJJJJJJJJJJJJJJJJKLMNO?
ABCDEFGHIJKKKKKKKKKKKKKKKKLMNO?
ABCDEFGHIJKLLLLLLLLLLLLLLLLMNO?
ABCDEFGHIJKLMMMMMMMMMMMMMMMMNO?
ABCDEFGHIJKLMNNNNNNNNNNNNNNNNO?
ABCDEFGHIJKLMNOOOOOOOOOOOOOOOO?
ONMLKJIHGFEDCBAAAAAAAAAAAAAAAA?
ONMLKJIHGFEDCBBBBBBBBBBBBBBBBA?
ONMLKJIHGFEDCCCCCCCCCCCCCCCCBA?
ONMLKJIHGFEDDDDDDDDDDDDDDDDCBA?
ONMLKJIHGFEEEEEEEEEEEEEEEEDCBA?
ONMLKJIHGFFFFFFFFFFFFFFFFEDCBA?
ONMLKJIHGGGGGGGGGGGGGGGGFEDCBA?
ONMLKJIHHHHHHHHHHHHHHHHGFEDCBA?
ONMLKJIIIIIIIIIIIIIIIIHGFEDCBA?
ONMLKJJJJJJJJJJJJJJJJIHGFEDCBA?
ONMLKKKKKKKKKKKKKKKKJIHGFEDCBA?
ONMLLLLLLLLLLLLLLLLKJIHGFEDCBA?
ONMMMMMMMMMMMMMMMMLKJIHGFEDCBA?
ONNNNNNNNNNNNNNNNMLKJIHGFEDCBA?
OOOOOOOOOOOOOOOONMLKJIHGFEDCBA?

Did you mean:
AAAAAAAAAAAAAAABCDEFGHIJKLMNOP?
ABBBBBBBBBBBBBBBCDEFGHIJKLMNOP?
ABCCCCCCCCCCCCCCCDEFGHIJKLMNOP?
ABCDDDDDDDDDDDDDDDEFGHIJKLMNOP?
ABCDEEEEEEEEEEEEEEEFGHIJKLMNOP?
ABCDEFFFFFFFFFFFFFFFGHIJKLMNOP?
ABCDEFGGGGGGGGGGGGGGGHIJKLMNOP?
ABCDEFGHHHHHHHHHHHHHHHIJKLMNOP?
ABCDEFGHIIIIIIIIIIIIIIIJKLMNOP?
ABCDEFGHIJJJJJJJJJJJJJJJKLMNOP?
ABCDEFGHIJKKKKKKKKKKKKKKKLMNOP?
ABCDEFGHIJKLLLLLLLLLLLLLLLMNOP?
ABCDEFGHIJKLMMMMMMMMMMMMMMMNOP?
ABCDEFGHIJKLMNNNNNNNNNNNNNNNOP?
ABCDEFGHIJKLMNOOOOOOOOOOOOOOOP?
ABCDEFGHIJKLMNOPPPPPPPPPPPPPPP?
PONMLKJIHGFEDCBAAAAAAAAAAAAAAA?
PONMLKJIHGFEDCBBBBBBBBBBBBBBBA?
PONMLKJIHGFEDCCCCCCCCCCCCCCCBA?
PONMLKJIHGFEDDDDDDDDDDDDDDDCBA?
PONMLKJIHGFEEEEEEEEEEEEEEEDCBA?
PONMLKJIHGFFFFFFFFFFFFFFFEDCBA?
PONMLKJIHGGGGGGGGGGGGGGGFEDCBA?
PONMLKJIHHHHHHHHHHHHHHHGFEDCBA?
PONMLKJIIIIIIIIIIIIIIIHGFEDCBA?
PONMLKJJJJJJJJJJJJJJJIHGFEDCBA?
PONMLKKKKKKKKKKKKKKKJIHGFEDCBA?
PONMLLLLLLLLLLLLLLLKJIHGFEDCBA?
PONMMMMMMMMMMMMMMMLKJIHGFEDCBA?
PONNNNNNNNNNNNNNNMLKJIHGFEDCBA?
POOOOOOOOOOOOOOONMLKJIHGFEDCBA?
PPPPPPPPPPPPPPPONMLKJIHGFEDCBA?

Did you mean:
AAAAAAAAAAAAAABCDEFGHIJKLMNOPQ?
ABBBBBBBBBBBBBBCDEFGHIJKLMNOPQ?
ABCCCCCCCCCCCCCCDEFGHIJKLMNOPQ?
ABCDDDDDDDDDDDDDDEFGHIJKLMNOPQ?
ABCDEEEEEEEEEEEEEEFGHIJKLMNOPQ?
ABCDEFFFFFFFFFFFFFFGHIJKLMNOPQ?
ABCDEFGGGGGGGGGGGGGGHIJKLMNOPQ?
ABCDEFGHHHHHHHHHHHHHHIJKLMNOPQ?
ABCDEFGHIIIIIIIIIIIIIIJKLMNOPQ?
ABCDEFGHIJJJJJJJJJJJJJJKLMNOPQ?
ABCDEFGHIJKKKKKKKKKKKKKKLMNOPQ?
ABCDEFGHIJKLLLLLLLLLLLLLLMNOPQ?
ABCDEFGHIJKLMMMMMMMMMMMMMMNOPQ?
ABCDEFGHIJKLMNNNNNNNNNNNNNNOPQ?
ABCDEFGHIJKLMNOOOOOOOOOOOOOOPQ?
ABCDEFGHIJKLMNOPPPPPPPPPPPPPPQ?
ABCDEFGHIJKLMNOPQQQQQQQQQQQQQQ?
QPONMLKJIHGFEDCBAAAAAAAAAAAAAA?
QPONMLKJIHGFEDCBBBBBBBBBBBBBBA?
QPONMLKJIHGFEDCCCCCCCCCCCCCCBA?
QPONMLKJIHGFEDDDDDDDDDDDDDDCBA?
QPONMLKJIHGFEEEEEEEEEEEEEEDCBA?
QPONMLKJIHGFFFFFFFFFFFFFFEDCBA?
QPONMLKJIHGGGGGGGGGGGGGGFEDCBA?
QPONMLKJIHHHHHHHHHHHHHHGFEDCBA?
QPONMLKJIIIIIIIIIIIIIIHGFEDCBA?
QPONMLKJJJJJJJJJJJJJJIHGFEDCBA?
QPONMLKKKKKKKKKKKKKKJIHGFEDCBA?
QPONMLLLLLLLLLLLLLLKJIHGFEDCBA?
QPONMMMMMMMMMMMMMMLKJIHGFEDCBA?
QPONNNNNNNNNNNNNNMLKJIHGFEDCBA?
QPOOOOOOOOOOOOOONMLKJIHGFEDCBA?
QPPPPPPPPPPPPPPONMLKJIHGFEDCBA?
QQQQQQQQQQQQQQPONMLKJIHGFEDCBA?

Did you mean:
AAAAAAAAAAAAABCDEFGHIJKLMNOPQR?
ABBBBBBBBBBBBBCDEFGHIJKLMNOPQR?
ABCCCCCCCCCCCCCDEFGHIJKLMNOPQR?
ABCDDDDDDDDDDDDDEFGHIJKLMNOPQR?
ABCDEEEEEEEEEEEEEFGHIJKLMNOPQR?
ABCDEFFFFFFFFFFFFFGHIJKLMNOPQR?
ABCDEFGGGGGGGGGGGGGHIJKLMNOPQR?
ABCDEFGHHHHHHHHHHHHHIJKLMNOPQR?
ABCDEFGHIIIIIIIIIIIIIJKLMNOPQR?
ABCDEFGHIJJJJJJJJJJJJJKLMNOPQR?
ABCDEFGHIJKKKKKKKKKKKKKLMNOPQR?
ABCDEFGHIJKLLLLLLLLLLLLLMNOPQR?
ABCDEFGHIJKLMMMMMMMMMMMMMNOPQR?
ABCDEFGHIJKLMNNNNNNNNNNNNNOPQR?
ABCDEFGHIJKLMNOOOOOOOOOOOOOPQR?
ABCDEFGHIJKLMNOPPPPPPPPPPPPPQR?
ABCDEFGHIJKLMNOPQQQQQQQQQQQQQR?
ABCDEFGHIJKLMNOPQRRRRRRRRRRRRR?
RQPONMLKJIHGFEDCBAAAAAAAAAAAAA?
RQPONMLKJIHGFEDCBBBBBBBBBBBBBA?
RQPONMLKJIHGFEDCCCCCCCCCCCCCBA?
RQPONMLKJIHGFEDDDDDDDDDDDDDCBA?
RQPONMLKJIHGFEEEEEEEEEEEEEDCBA?
RQPONMLKJIHGFFFFFFFFFFFFFEDCBA?
RQPONMLKJIHGGGGGGGGGGGGGFEDCBA?
RQPONMLKJIHHHHHHHHHHHHHGFEDCBA?
RQPONMLKJIIIIIIIIIIIIIHGFEDCBA?
RQPONMLKJJJJJJJJJJJJJIHGFEDCBA?
RQPONMLKKKKKKKKKKKKKJIHGFEDCBA?
RQPONMLLLLLLLLLLLLLKJIHGFEDCBA?
RQPONMMMMMMMMMMMMMLKJIHGFEDCBA?
RQPONNNNNNNNNNNNNMLKJIHGFEDCBA?
RQPOOOOOOOOOOOOONMLKJIHGFEDCBA?
RQPPPPPPPPPPPPPONMLKJIHGFEDCBA?
RQQQQQQQQQQQQQPONMLKJIHGFEDCBA?
RRRRRRRRRRRRRQPONMLKJIHGFEDCBA?

Did you mean:
AAAAAAAAAAAABCDEFGHIJKLMNOPQRS?
ABBBBBBBBBBBBCDEFGHIJKLMNOPQRS?
ABCCCCCCCCCCCCDEFGHIJKLMNOPQRS?
ABCDDDDDDDDDDDDEFGHIJKLMNOPQRS?
ABCDEEEEEEEEEEEEFGHIJKLMNOPQRS?
ABCDEFFFFFFFFFFFFGHIJKLMNOPQRS?
ABCDEFGGGGGGGGGGGGHIJKLMNOPQRS?
ABCDEFGHHHHHHHHHHHHIJKLMNOPQRS?
ABCDEFGHIIIIIIIIIIIIJKLMNOPQRS?
ABCDEFGHIJJJJJJJJJJJJKLMNOPQRS?
ABCDEFGHIJKKKKKKKKKKKKLMNOPQRS?
ABCDEFGHIJKLLLLLLLLLLLLMNOPQRS?
ABCDEFGHIJKLMMMMMMMMMMMMNOPQRS?
ABCDEFGHIJKLMNNNNNNNNNNNNOPQRS?
ABCDEFGHIJKLMNOOOOOOOOOOOOPQRS?
ABCDEFGHIJKLMNOPPPPPPPPPPPPQRS?
ABCDEFGHIJKLMNOPQQQQQQQQQQQQRS?
ABCDEFGHIJKLMNOPQRRRRRRRRRRRRS?
ABCDEFGHIJKLMNOPQRSSSSSSSSSSSS?
SRQPONMLKJIHGFEDCBAAAAAAAAAAAA?
SRQPONMLKJIHGFEDCBBBBBBBBBBBBA?
SRQPONMLKJIHGFEDCCCCCCCCCCCCBA?
SRQPONMLKJIHGFEDDDDDDDDDDDDCBA?
SRQPONMLKJIHGFEEEEEEEEEEEEDCBA?
SRQPONMLKJIHGFFFFFFFFFFFFEDCBA?
SRQPONMLKJIHGGGGGGGGGGGGFEDCBA?
SRQPONMLKJIHHHHHHHHHHHHGFEDCBA?
SRQPONMLKJIIIIIIIIIIIIHGFEDCBA?
SRQPONMLKJJJJJJJJJJJJIHGFEDCBA?
SRQPONMLKKKKKKKKKKKKJIHGFEDCBA?
SRQPONMLLLLLLLLLLLLKJIHGFEDCBA?
SRQPONMMMMMMMMMMMMLKJIHGFEDCBA?
SRQPONNNNNNNNNNNNMLKJIHGFEDCBA?
SRQPOOOOOOOOOOOONMLKJIHGFEDCBA?
SRQPPPPPPPPPPPPONMLKJIHGFEDCBA?
SRQQQQQQQQQQQQPONMLKJIHGFEDCBA?
SRRRRRRRRRRRRQPONMLKJIHGFEDCBA?
SSSSSSSSSSSSRQPONMLKJIHGFEDCBA?

Did you mean:
AAAAAAAAAAABCDEFGHIJKLMNOPQRST?
ABBBBBBBBBBBCDEFGHIJKLMNOPQRST?
ABCCCCCCCCCCCDEFGHIJKLMNOPQRST?
ABCDDDDDDDDDDDEFGHIJKLMNOPQRST?
ABCDEEEEEEEEEEEFGHIJKLMNOPQRST?
ABCDEFFFFFFFFFFFGHIJKLMNOPQRST?
ABCDEFGGGGGGGGGGGHIJKLMNOPQRST?
ABCDEFGHHHHHHHHHHHIJKLMNOPQRST?
ABCDEFGHIIIIIIIIIIIJKLMNOPQRST?
ABCDEFGHIJJJJJJJJJJJKLMNOPQRST?
ABCDEFGHIJKKKKKKKKKKKLMNOPQRST?
ABCDEFGHIJKLLLLLLLLLLLMNOPQRST?
ABCDEFGHIJKLMMMMMMMMMMMNOPQRST?
ABCDEFGHIJKLMNNNNNNNNNNNOPQRST?
ABCDEFGHIJKLMNOOOOOOOOOOOPQRST?
ABCDEFGHIJKLMNOPPPPPPPPPPPQRST?
ABCDEFGHIJKLMNOPQQQQQQQQQQQRST?
ABCDEFGHIJKLMNOPQRRRRRRRRRRRST?
ABCDEFGHIJKLMNOPQRSSSSSSSSSSST?
TSRQPONMLKJIHGFEDCBAAAAAAAAAAA?
TSRQPONMLKJIHGFEDCBBBBBBBBBBBA?
TSRQPONMLKJIHGFEDCCCCCCCCCCCBA?
TSRQPONMLKJIHGFEDDDDDDDDDDDCBA?
TSRQPONMLKJIHGFEEEEEEEEEEEDCBA?
TSRQPONMLKJIHGFFFFFFFFFFFEDCBA?
TSRQPONMLKJIHGGGGGGGGGGGFEDCBA?
TSRQPONMLKJIHHHHHHHHHHHGFEDCBA?
TSRQPONMLKJIIIIIIIIIIIHGFEDCBA?
TSRQPONMLKJJJJJJJJJJJIHGFEDCBA?
TSRQPONMLKKKKKKKKKKKJIHGFEDCBA?
TSRQPONMLLLLLLLLLLLKJIHGFEDCBA?
TSRQPONMMMMMMMMMMMLKJIHGFEDCBA?
TSRQPONNNNNNNNNNNMLKJIHGFEDCBA?
TSRQPOOOOOOOOOOONMLKJIHGFEDCBA?
TSRQPPPPPPPPPPPONMLKJIHGFEDCBA?
TSRQQQQQQQQQQQPONMLKJIHGFEDCBA?
TSRRRRRRRRRRRQPONMLKJIHGFEDCBA?
TSSSSSSSSSSSRQPONMLKJIHGFEDCBA?

Did you mean:
AAAAAAAAAABCDEFGHIJKLMNOPQRSTU?
ABBBBBBBBBBCDEFGHIJKLMNOPQRSTU?
ABCCCCCCCCCCDEFGHIJKLMNOPQRSTU?
ABCDDDDDDDDDDEFGHIJKLMNOPQRSTU?
ABCDEEEEEEEEEEFGHIJKLMNOPQRSTU?
ABCDEFFFFFFFFFFGHIJKLMNOPQRSTU?
ABCDEFGGGGGGGGGGHIJKLMNOPQRSTU?
ABCDEFGHHHHHHHHHHIJKLMNOPQRSTU?
ABCDEFGHIIIIIIIIIIJKLMNOPQRSTU?
ABCDEFGHIJJJJJJJJJJKLMNOPQRSTU?
ABCDEFGHIJKKKKKKKKKKLMNOPQRSTU?
ABCDEFGHIJKLLLLLLLLLLMNOPQRSTU?
ABCDEFGHIJKLMMMMMMMMMMNOPQRSTU?
ABCDEFGHIJKLMNNNNNNNNNNOPQRSTU?
ABCDEFGHIJKLMNOOOOOOOOOOPQRSTU?
ABCDEFGHIJKLMNOPPPPPPPPPPQRSTU?
ABCDEFGHIJKLMNOPQQQQQQQQQQRSTU?
ABCDEFGHIJKLMNOPQRRRRRRRRRRSTU?
ABCDEFGHIJKLMNOPQRSSSSSSSSSSTU?
ABCDEFGHIJKLMNOPQRSTTTTTTTTTTU?
ABCDEFGHIJKLMNOPQRSTUUUUUUUUUU?
UTSRQPONMLKJIHGFEDCBAAAAAAAAAA?
UTSRQPONMLKJIHGFEDCBBBBBBBBBBA?
UTSRQPONMLKJIHGFEDCCCCCCCCCCBA?
UTSRQPONMLKJIHGFEDDDDDDDDDDCBA?
UTSRQPONMLKJIHGFEEEEEEEEEEDCBA?
UTSRQPONMLKJIHGFFFFFFFFFFEDCBA?
UTSRQPONMLKJIHGGGGGGGGGGFEDCBA?
UTSRQPONMLKJIHHHHHHHHHHGFEDCBA?
UTSRQPONMLKJIIIIIIIIIIHGFEDCBA?
UTSRQPONMLKJJJJJJJJJJIHGFEDCBA?
UTSRQPONMLKKKKKKKKKKJIHGFEDCBA?
UTSRQPONMLLLLLLLLLLKJIHGFEDCBA?
UTSRQPONMMMMMMMMMMLKJIHGFEDCBA?
UTSRQPONNNNNNNNNNMLKJIHGFEDCBA?
UTSRQPOOOOOOOOOONMLKJIHGFEDCBA?
UTSRQPPPPPPPPPPONMLKJIHGFEDCBA?
UTSRQQQQQQQQQQPONMLKJIHGFEDCBA?
UTSRRRRRRRRRRQPONMLKJIHGFEDCBA?
UTSSSSSSSSSSRQPONMLKJIHGFEDCBA?
UTTTTTTTTTTSRQPONMLKJIHGFEDCBA?
UUUUUUUUUUTSRQPONMLKJIHGFEDCBA?

Did you mean:
AAAAAAAAABCDEFGHIJKLMNOPQRSTUV?
ABBBBBBBBBCDEFGHIJKLMNOPQRSTUV?
ABCCCCCCCCCDEFGHIJKLMNOPQRSTUV?
ABCDDDDDDDDDEFGHIJKLMNOPQRSTUV?
ABCDEEEEEEEEEFGHIJKLMNOPQRSTUV?
ABCDEFFFFFFFFFGHIJKLMNOPQRSTUV?
ABCDEFGGGGGGGGGHIJKLMNOPQRSTUV?
ABCDEFGHHHHHHHHHIJKLMNOPQRSTUV?
ABCDEFGHIIIIIIIIIJKLMNOPQRSTUV?
ABCDEFGHIJJJJJJJJJKLMNOPQRSTUV?
ABCDEFGHIJKKKKKKKKKLMNOPQRSTUV?
ABCDEFGHIJKLLLLLLLLLMNOPQRSTUV?
ABCDEFGHIJKLMMMMMMMMMNOPQRSTUV?
ABCDEFGHIJKLMNNNNNNNNNOPQRSTUV?
ABCDEFGHIJKLMNOOOOOOOOOPQRSTUV?
ABCDEFGHIJKLMNOPPPPPPPPPQRSTUV?
ABCDEFGHIJKLMNOPQQQQQQQQQRSTUV?
ABCDEFGHIJKLMNOPQRRRRRRRRRSTUV?
ABCDEFGHIJKLMNOPQRSSSSSSSSSTUV?
ABCDEFGHIJKLMNOPQRSTTTTTTTTTUV?
ABCDEFGHIJKLMNOPQRSTUUUUUUUUUV?
ABCDEFGHIJKLMNOPQRSTUVVVVVVVVV?
VUTSRQPONMLKJIHGFEDCBAAAAAAAAA?
VUTSRQPONMLKJIHGFEDCBBBBBBBBBA?
VUTSRQPONMLKJIHGFEDCCCCCCCCCBA?
VUTSRQPONMLKJIHGFEDDDDDDDDDCBA?
VUTSRQPONMLKJIHGFEEEEEEEEEDCBA?
VUTSRQPONMLKJIHGFFFFFFFFFEDCBA?
VUTSRQPONMLKJIHGGGGGGGGGFEDCBA?
VUTSRQPONMLKJIHHHHHHHHHGFEDCBA?
VUTSRQPONMLKJIIIIIIIIIHGFEDCBA?
VUTSRQPONMLKJJJJJJJJJIHGFEDCBA?
VUTSRQPONMLKKKKKKKKKJIHGFEDCBA?
VUTSRQPONMLLLLLLLLLKJIHGFEDCBA?
VUTSRQPONMMMMMMMMMLKJIHGFEDCBA?
VUTSRQPONNNNNNNNNMLKJIHGFEDCBA?
VUTSRQPOOOOOOOOONMLKJIHGFEDCBA?
VUTSRQPPPPPPPPPONMLKJIHGFEDCBA?
VUTSRQQQQQQQQQPONMLKJIHGFEDCBA?
VUTSRRRRRRRRRQPONMLKJIHGFEDCBA?
VUTSSSSSSSSSRQPONMLKJIHGFEDCBA?
VUTTTTTTTTTSRQPONMLKJIHGFEDCBA?
VUUUUUUUUUTSRQPONMLKJIHGFEDCBA?
VVVVVVVVVUTSRQPONMLKJIHGFEDCBA?

Did you mean:
AAAAAAAABCDEFGHIJKLMNOPQRSTUVW?
ABBBBBBBBCDEFGHIJKLMNOPQRSTUVW?
ABCCCCCCCCDEFGHIJKLMNOPQRSTUVW?
ABCDDDDDDDDEFGHIJKLMNOPQRSTUVW?
ABCDEEEEEEEEFGHIJKLMNOPQRSTUVW?
ABCDEFFFFFFFFGHIJKLMNOPQRSTUVW?
ABCDEFGGGGGGGGHIJKLMNOPQRSTUVW?
ABCDEFGHHHHHHHHIJKLMNOPQRSTUVW?
ABCDEFGHIIIIIIIIJKLMNOPQRSTUVW?
ABCDEFGHIJJJJJJJJKLMNOPQRSTUVW?
ABCDEFGHIJKKKKKKKKLMNOPQRSTUVW?
ABCDEFGHIJKLLLLLLLLMNOPQRSTUVW?
ABCDEFGHIJKLMMMMMMMMNOPQRSTUVW?
ABCDEFGHIJKLMNNNNNNNNOPQRSTUVW?
ABCDEFGHIJKLMNOOOOOOOOPQRSTUVW?
ABCDEFGHIJKLMNOPPPPPPPPQRSTUVW?
ABCDEFGHIJKLMNOPQQQQQQQQRSTUVW?
ABCDEFGHIJKLMNOPQRRRRRRRRSTUVW?
ABCDEFGHIJKLMNOPQRSSSSSSSSTUVW?
ABCDEFGHIJKLMNOPQRSTTTTTTTTUVW?
ABCDEFGHIJKLMNOPQRSTUUUUUUUUVW?
ABCDEFGHIJKLMNOPQRSTUVVVVVVVVW?
ABCDEFGHIJKLMNOPQRSTUVWWWWWWWW?
WVUTSRQPONMLKJIHGFEDCBAAAAAAAA?
WVUTSRQPONMLKJIHGFEDCBBBBBBBBA?
WVUTSRQPONMLKJIHGFEDCCCCCCCCBA?
WVUTSRQPONMLKJIHGFEDDDDDDDDCBA?
WVUTSRQPONMLKJIHGFEEEEEEEEDCBA?
WVUTSRQPONMLKJIHGFFFFFFFFEDCBA?
WVUTSRQPONMLKJIHGGGGGGGGFEDCBA?
WVUTSRQPONMLKJIHHHHHHHHGFEDCBA?
WVUTSRQPONMLKJIIIIIIIIHGFEDCBA?
WVUTSRQPONMLKJJJJJJJJIHGFEDCBA?
WVUTSRQPONMLKKKKKKKKJIHGFEDCBA?
WVUTSRQPONMLLLLLLLLKJIHGFEDCBA?
WVUTSRQPONMMMMMMMMLKJIHGFEDCBA?
WVUTSRQPONNNNNNNNMLKJIHGFEDCBA?
WVUTSRQPOOOOOOOONMLKJIHGFEDCBA?
WVUTSRQPPPPPPPPONMLKJIHGFEDCBA?
WVUTSRQQQQQQQQPONMLKJIHGFEDCBA?
WVUTSRRRRRRRRQPONMLKJIHGFEDCBA?
WVUTSSSSSSSSRQPONMLKJIHGFEDCBA?
WVUTTTTTTTTSRQPONMLKJIHGFEDCBA?
WVUUUUUUUUTSRQPONMLKJIHGFEDCBA?
WVVVVVVVVUTSRQPONMLKJIHGFEDCBA?
WWWWWWWWVUTSRQPONMLKJIHGFEDCBA?

Did you mean:
AAAAAAABCDEFGHIJKLMNOPQRSTUVWX?
ABBBBBBBCDEFGHIJKLMNOPQRSTUVWX?
ABCCCCCCCDEFGHIJKLMNOPQRSTUVWX?
ABCDDDDDDDEFGHIJKLMNOPQRSTUVWX?
ABCDEEEEEEEFGHIJKLMNOPQRSTUVWX?
ABCDEFFFFFFFGHIJKLMNOPQRSTUVWX?
ABCDEFGGGGGGGHIJKLMNOPQRSTUVWX?
ABCDEFGHHHHHHHIJKLMNOPQRSTUVWX?
ABCDEFGHIIIIIIIJKLMNOPQRSTUVWX?
ABCDEFGHIJJJJJJJKLMNOPQRSTUVWX?
ABCDEFGHIJKKKKKKKLMNOPQRSTUVWX?
ABCDEFGHIJKLLLLLLLMNOPQRSTUVWX?
ABCDEFGHIJKLMMMMMMMNOPQRSTUVWX?
ABCDEFGHIJKLMNNNNNNNOPQRSTUVWX?
ABCDEFGHIJKLMNOOOOOOOPQRSTUVWX?
ABCDEFGHIJKLMNOPPPPPPPQRSTUVWX?
ABCDEFGHIJKLMNOPQQQQQQQRSTUVWX?
ABCDEFGHIJKLMNOPQRRRRRRRSTUVWX?
ABCDEFGHIJKLMNOPQRSSSSSSSTUVWX?
ABCDEFGHIJKLMNOPQRSTTTTTTTUVWX?
ABCDEFGHIJKLMNOPQRSTUUUUUUUVWX?
ABCDEFGHIJKLMNOPQRSTUVVVVVVVWX?
ABCDEFGHIJKLMNOPQRSTUVWWWWWWWX?
ABCDEFGHIJKLMNOPQRSTUVWXXXXXXX?
XWVUTSRQPONMLKJIHGFEDCBAAAAAAA?
XWVUTSRQPONMLKJIHGFEDCBBBBBBBA?
XWVUTSRQPONMLKJIHGFEDCCCCCCCBA?
XWVUTSRQPONMLKJIHGFEDDDDDDDCBA?
XWVUTSRQPONMLKJIHGFEEEEEEEDCBA?
XWVUTSRQPONMLKJIHGFFFFFFFEDCBA?
XWVUTSRQPONMLKJIHGGGGGGGFEDCBA?
XWVUTSRQPONMLKJIHHHHHHHGFEDCBA?
XWVUTSRQPONMLKJIIIIIIIHGFEDCBA?
XWVUTSRQPONMLKJJJJJJJIHGFEDCBA?
XWVUTSRQPONMLKKKKKKKJIHGFEDCBA?
XWVUTSRQPONMLLLLLLLKJIHGFEDCBA?
XWVUTSRQPONMMMMMMMLKJIHGFEDCBA?
XWVUTSRQPONNNNNNNMLKJIHGFEDCBA?
XWVUTSRQPOOOOOOONMLKJIHGFEDCBA?
XWVUTSRQPPPPPPPONMLKJIHGFEDCBA?
XWVUTSRQQQQQQQPONMLKJIHGFEDCBA?
XWVUTSRRRRRRRQPONMLKJIHGFEDCBA?
XWVUTSSSSSSSRQPONMLKJIHGFEDCBA?
XWVUTTTTTTTSRQPONMLKJIHGFEDCBA?
XWVUUUUUUUTSRQPONMLKJIHGFEDCBA?
XWVVVVVVVUTSRQPONMLKJIHGFEDCBA?
XWWWWWWWVUTSRQPONMLKJIHGFEDCBA?
XXXXXXXWVUTSRQPONMLKJIHGFEDCBA?

Did you mean:
AAAAAABCDEFGHIJKLMNOPQRSTUVWXY?
ABBBBBBCDEFGHIJKLMNOPQRSTUVWXY?
ABCCCCCCDEFGHIJKLMNOPQRSTUVWXY?
ABCDDDDDDEFGHIJKLMNOPQRSTUVWXY?
ABCDEEEEEEFGHIJKLMNOPQRSTUVWXY?
ABCDEFFFFFFGHIJKLMNOPQRSTUVWXY?
ABCDEFGGGGGGHIJKLMNOPQRSTUVWXY?
ABCDEFGHHHHHHIJKLMNOPQRSTUVWXY?
ABCDEFGHIIIIIIJKLMNOPQRSTUVWXY?
ABCDEFGHIJJJJJJKLMNOPQRSTUVWXY?
ABCDEFGHIJJKLMMMMMNOPQRSTUVWXY?
ABCDEFGHIJKKKKKKLMNOPQRSTUVWXY?
ABCDEFGHIJKLLLLLLMNOPQRSTUVWXY?
ABCDEFGHIJKLMNNNNNNOPQRSTUVWXY?
ABCDEFGHIJKLMNOOOOOOPQRSTUVWXY?
ABCDEFGHIJKLMNOPPPPPPQRSTUVWXY?
ABCDEFGHIJKLMNOPQQQQQQRSTUVWXY?
ABCDEFGHIJKLMNOPQRRRRRRSTUVWXY?
ABCDEFGHIJKLMNOPQRSSSSSSTUVWXY?
ABCDEFGHIJKLMNOPQRSTTTTTTUVWXY?
ABCDEFGHIJKLMNOPQRSTUUUUUUVWXY?
ABCDEFGHIJKLMNOPQRSTUVVVVVVWXY?
ABCDEFGHIJKLMNOPQRSTUVWWWWWWXY?
ABCDEFGHIJKLMNOPQRSTUVWXXXXXXY?
ABCDEFGHIJKLMNOPQRSTUVWXYYYYYY?
YXWVUTSRQPONMLKJIHGFEDCBAAAAAA?
YXWVUTSRQPONMLKJIHGFEDCBBBBBBA?
YXWVUTSRQPONMLKJIHGFEDCCCCCCBA?
YXWVUTSRQPONMLKJIHGFEDDDDDDCBA?
YXWVUTSRQPONMLKJIHGFEEEEEEDCBA?
YXWVUTSRQPONMLKJIHGFFFFFFEDCBA?
YXWVUTSRQPONMLKJIHGGGGGGFEDCBA?
YXWVUTSRQPONMLKJIHHHHHHGFEDCBA?
YXWVUTSRQPONMLKJIIIIIIHGFEDCBA?
YXWVUTSRQPONMLKJJJJJJIHGFEDCBA?
YXWVUTSRQPONMLKKKKKKJIHGFEDCBA?
YXWVUTSRQPONMLLLLLLKJIHGFEDCBA?
YXWVUTSRQPONMMMMMLKJJIHGFEDCBA?
YXWVUTSRQPONNNNNNMLKJIHGFEDCBA?
YXWVUTSRQPOOOOOONMLKJIHGFEDCBA?
YXWVUTSRQPPPPPPONMLKJIHGFEDCBA?
YXWVUTSRQQQQQQPONMLKJIHGFEDCBA?
YXWVUTSRRRRRRQPONMLKJIHGFEDCBA?
YXWVUTSSSSSSRQPONMLKJIHGFEDCBA?
YXWVUTTTTTTSRQPONMLKJIHGFEDCBA?
YXWVUUUUUUTSRQPONMLKJIHGFEDCBA?
YXWVVVVVVUTSRQPONMLKJIHGFEDCBA?
YXWWWWWWVUTSRQPONMLKJIHGFEDCBA?
YXXXXXXWVUTSRQPONMLKJIHGFEDCBA?
YYYYYYXWVUTSRQPONMLKJIHGFEDCBA?

Did you mean:
AAAAABCDEFGHIJKLMNOPQRSTUVWXYZ?
ABBBBBCDEFGHIJKLMNOPQRSTUVWXYZ?
ABCCCCCDEFGHIJKLMNOPQRSTUVWXYZ?
ABCDDDDDEFGHIJKLMNOPQRSTUVWXYZ?
ABCDEEEEEFGHIJKLMNOPQRSTUVWXYZ?
ABCDEFFFFFGHIJKLMNOPQRSTUVWXYZ?
ABCDEFGGGGGHIJKLMNOPQRSTUVWXYZ?
ABCDEFGHHHHHIJKLMNOPQRSTUVWXYZ?
ABCDEFGHIIIIIJKLMNOPQRSTUVWXYZ?
ABCDEFGHIJJJJJKLMNOPQRSTUVWXYZ?
ABCDEFGHIJKKKKKLMNOPQRSTUVWXYZ?
ABCDEFGHIJKLLLLLMNOPQRSTUVWXYZ?
ABCDEFGHIJKLMMMMMNOPQRSTUVWXYZ?
ABCDEFGHIJKLMNNNNNOPQRSTUVWXYZ?
ABCDEFGHIJKLMNOOOOOPQRSTUVWXYZ?
ABCDEFGHIJKLMNOPPPPPQRSTUVWXYZ?
ABCDEFGHIJKLMNOPQQQQQRSTUVWXYZ?
ABCDEFGHIJKLMNOPQRRRRRSTUVWXYZ?
ABCDEFGHIJKLMNOPQRSSSSSTUVWXYZ?
ABCDEFGHIJKLMNOPQRSTTTTTUVWXYZ?
ABCDEFGHIJKLMNOPQRSTUUUUUVWXYZ?
ABCDEFGHIJKLMNOPQRSTUVVVVVWXYZ?
ABCDEFGHIJKLMNOPQRSTUVWWWWWXYZ?
ABCDEFGHIJKLMNOPQRSTUVWXXXXXYZ?
ABCDEFGHIJKLMNOPQRSTUVWXYYYYYZ?
ABCDEFGHIJKLMNOPQRSTUVWXYZ?
ABCDEFGHIJKLMNOPQRSTUVWXYZZZZZ?
AZYXWVUTSRQPONMLKJIHGFEDCB?
BAZYXWVUTSRQPONMLKJIHGFEDC?
BCDEFGHIJKLMNOPQRSTUVWXYZA?
CBAZYXWVUTSRQPONMLKJIHGFED?
CDEFGHIJKLMNOPQRSTUVWXYZAB?
DCBAZYXWVUTSRQPONMLKJIHGFE?
DEFGHIJKLMNOPQRSTUVWXYZABC?
EDCBAZYXWVUTSRQPONMLKJIHGF?
EFGHIJKLMNOPQRSTUVWXYZABCD?
FEDCBAZYXWVUTSRQPONMLKJIHG?
FGHIJKLMNOPQRSTUVWXYZABCDE?
GFEDCBAZYXWVUTSRQPONMLKJIH?
GHIJKLMNOPQRSTUVWXYZABCDEF?
HGFEDCBAZYXWVUTSRQPONMLKJI?
HIJKLMNOPQRSTUVWXYZABCDEFG?
IHGFEDCBAZYXWVUTSRQPONMLKJ?
IJKLMNOPQRSTUVWXYZABCDEFGH?
JIHGFEDCBAZYXWVUTSRQPONMLK?
JKLMNOPQRSTUVWXYZABCDEFGHI?
KJIHGFEDCBAZYXWVUTSRQPONML?
KLMNOPQRSTUVWXYZABCDEFGHIJ?
LKJIHGFEDCBAZYXWVUTSRQPONM?
LMNOPQRSTUVWXYZABCDEFGHIJK?
MLKJIHGFEDCBAZYXWVUTSRQPON?
MNOPQRSTUVWXYZABCDEFGHIJKL?
NMLKJIHGFEDCBAZYXWVUTSRQPO?
NOPQRSTUVWXYZABCDEFGHIJKLM?
ONMLKJIHGFEDCBAZYXWVUTSRQP?
OPQRSTUVWXYZABCDEFGHIJKLMN?
PONMLKJIHGFEDCBAZYXWVUTSRQ?
PQRSTUVWXYZABCDEFGHIJKLMNO?
QPONMLKJIHGFEDCBAZYXWVUTSR?
QRSTUVWXYZABCDEFGHIJKLMNOP?
RQPONMLKJIHGFEDCBAZYXWVUTS?
RSTUVWXYZABCDEFGHIJKLMNOPQ?
SRQPONMLKJIHGFEDCBAZYXWVUT?
STUVWXYZABCDEFGHIJKLMNOPQR?
TSRQPONMLKJIHGFEDCBAZYXWVU?
TUVWXYZABCDEFGHIJKLMNOPQRS?
UTSRQPONMLKJIHGFEDCBAZYXWV?
UVWXYZABCDEFGHIJKLMNOPQRST?
VUTSRQPONMLKJIHGFEDCBAZYXW?
VWXYZABCDEFGHIJKLMNOPQRSTU?
WVUTSRQPONMLKJIHGFEDCBAZYX?
WXYZABCDEFGHIJKLMNOPQRSTUV?
XWVUTSRQPONMLKJIHGFEDCBAZY?
XYZABCDEFGHIJKLMNOPQRSTUVW?
YXWVUTSRQPONMLKJIHGFEDCBAZ?
YZABCDEFGHIJKLMNOPQRSTUVWX?
ZABCDEFGHIJKLMNOPQRSTUVWXY?
ZYXWVUTSRQPONMLKJIHGFEDCBA?
ZYXWVUTSRQPONMLKJIHGFEDCBAAAAA?
ZYXWVUTSRQPONMLKJIHGFEDCBBBBBA?
ZYXWVUTSRQPONMLKJIHGFEDCCCCCBA?
ZYXWVUTSRQPONMLKJIHGFEDDDDDCBA?
ZYXWVUTSRQPONMLKJIHGFEEEEEDCBA?
ZYXWVUTSRQPONMLKJIHGFFFFFEDCBA?
ZYXWVUTSRQPONMLKJIHGGGGGFEDCBA?
ZYXWVUTSRQPONMLKJIHHHHHGFEDCBA?
ZYXWVUTSRQPONMLKJIIIIIHGFEDCBA?
ZYXWVUTSRQPONMLKJJJJJIHGFEDCBA?
ZYXWVUTSRQPONMLKKKKKJIHGFEDCBA?
ZYXWVUTSRQPONMLLLLLKJIHGFEDCBA?
ZYXWVUTSRQPONMMMMMLKJIHGFEDCBA?
ZYXWVUTSRQPONNNNNMLKJIHGFEDCBA?
ZYXWVUTSRQPOOOOONMLKJIHGFEDCBA?
ZYXWVUTSRQPPPPPONMLKJIHGFEDCBA?
ZYXWVUTSRQQQQQPONMLKJIHGFEDCBA?
ZYXWVUTSRRRRRQPONMLKJIHGFEDCBA?
ZYXWVUTSSSSSRQPONMLKJIHGFEDCBA?
ZYXWVUTTTTTSRQPONMLKJIHGFEDCBA?
ZYXWVUUUUUTSRQPONMLKJIHGFEDCBA?
ZYXWVVVVVUTSRQPONMLKJIHGFEDCBA?
ZYXWWWWWVUTSRQPONMLKJIHGFEDCBA?
ZYXXXXXWVUTSRQPONMLKJIHGFEDCBA?
ZYYYYYXWVUTSRQPONMLKJIHGFEDCBA?
ZZZZZYXWVUTSRQPONMLKJIHGFEDCBA?

No matches found.

No matches found.

No matches found.

No matches found.

No matches found.

No matches found.

No matches found.

No matches found.

No matches found.

No matches found.

No matches found.

No matches found.

No matches found.

No matches found.

No matches found.

No matches found.

No matches found.

No matches found.

No matches found.

No matches found.

No matches found.

No matches found.

No matches found.

No matches found.

No matches found.

No matches found.

No matches found.

No matches found.

No matches found.

No matches found.

No matches found.

No matches found.

No matches found.

No matches found.

No matches found.

No matches found.

No matches found.

No matches found.

No matches found.

No matches found.

No matches found.

No matches found.

No matches found.

No matches found.

No matches found.

No matches found.

No matches found.

No matches found.

No matches found.

No matches found.

No matches found.

No matches found.

No matches found.

No matches found.

No matches found.

No matches found.

No matches found.

No matches found.

No matches found.

No matches found.

No matches found.

No matches found.

No matches found.

No matches found.

No matches found.

No matches found.

No matches found.

No matches found.

No matches found.

No matches found.

No matches found.

No matches found.

No matches found.

No matches found.

Scenario #12:
No matches found.

No matches found.

No matches found.

No matches found.

No matches found.

No matches found.

No matches found.

No matches found.

No matches found.

No matches found.

