Book #1:
test 1

Book #2:
hello 5
high 4
school 3
programming 2
team 1

Book #3:
frequent 199
infrequent 1

Book #4:
frequent 199
infrequent 1

Book #5:
frequent 199
infrequent 1

Book #6:
theanswer 42

Book #7:
a 200

Book #8:
aaaaaaaaaaaaaaa 17
aaaaaaaaaaaaaab 14
baaaaaaaaaaaaaa 11
baaaaaaaaaaaaab 9
bbbbbbbbbbbbbbb 6
bbbbbbbabbbbbbb 4
abbbbbbbbbbbbba 2

Book #9:
abc 10
def 9
ghi 8
jkl 7
mno 6
pqr 5
stu 4
vwx 3
yza 2
bcd 1

Book #10:
five 5
four 4
three 3
two 2
one 1

Book #11:
five 5
four 4
three 3
two 2
one 1

Book #12:
aaaaaaaa 11
aaaa 10
aaaaaaaaaaaaaaa 8
aaa 7
a 5
aaaaa 4
aa 3
aaaaaaa 2
aaaaaa 1

Book #13:
z 190
zz 5
zzz 4
zzzz 1

Book #14:
bbbbbbbbbbbbbbb 200

Book #15:
asdfghjklqwerty 1

Book #16:
dddssss 11
dddddddd 10
djadhshfdhk 4
z 1

Book #17:
km 14
wdvdprhcuoxflc 13
rx 12
negjteftsoef 11
epprde 10
ksubcfqipfpnq 9
anpryly 8
spy 5
u 4
gwxsawnp 3

Book #18:
uhtdiq 4
gtcgoqqixyvifu 3

Book #19:
s 18
rvropccrpyurh 17
mwjl 16
mcsfhsbytgrc 15
dx 14
kdkujm 12
cbqjommjhx 11
rbb 9
hv 8
ukvmipigtfda 6

Book #20:
unfplyhvmdamvp 8
clkqgsc 7
hkqcpu 6
qmdpg 5
hkseso 4
gvrttfbklo 3
asoydolysevf 2
xqo 1

Book #21:
spvhfup 30
fhy 26
wqiuhywyyk 24
adghvmu 19

Book #22:
kwdapuvlil 13
xatngcd 12
vmqa 11
d 10
jutk 9
jsfpniuwumvrc 8
vqk 7
ihcisurxystgyo 6
vodgnykihjyin 5
kyhdwiajtc 4

Book #23:
amvvsesjkp 15
xje 14
mdc 13
yyba 12
lkr 11
j 10
autty 9
yosechogth 8
lin 7
yyl 6

Book #24:
ohwbuskibldavl 10
torcjocq 9
khaghqwre 8
hp 7
eexscdmgsrv 6
slsy 5
mahlvvk 4
xxbpkwgjskkq 3

Book #25:
voviwwnpmxrlkd 20
eob 19
obxxglyifqhvcg 18
xtfbum 17
ylhjblrgqojptvs 16
kxjf 15
icfbt 14
ssnnidqu 13
wskbniukkxeyttf 12
umtwvx 9

Book #26:
fbnpbteemekiiby 32
xnawordhspuyfkj 30
rjitdcn 29
damkj 26

Book #27:
rndorcyycrdgavm 46
jujuwmtvbu 44
jqdaebrtlnnth 43
gyqixoooa 37

Book #28:
jniwwvviwceqvq 42
iu 32
heleyuyrcmhx 28
btoaikyow 27
adkpathrbsecudd 26
ykmblajucgqduf 20

Book #29:
nkap 13
oigjc 12
ntonkswylvnidty 11
xiijxki 10
xb 9
imkr 8
fiehovuyxrh 7
lmvsxvek 6

Book #30:
hrcew 19
spbrbudxcpof 17
aunqdgdnaoboql 15
avcqmuoneufxiy 14
olnptbnifoed 13
vqbkve 12
lgpogrffpesac 10

Book #31:
atcwqyatnwfo 27
jwjarxouckal 24
tyl 23
xdbtjv 22
tefrdlxnlq 20

Book #32:
ymgfrfupvr 12
gtlandjhi 11
jddtj 10
vfcebnm 9
lu 8
jqmsmi 7
bkgbemi 6
fiubqo 5
dlc 4

Book #33:
axumxhthul 24
bcgqxcsgawxiycb 21
umqf 18
salwyrobwte 17
iohbnj 15
sgfu 14
xoheravdai 9

Book #34:
uffj 53
bnfasldja 46
h 43
ihwluws 38

Book #35:
msfcftaq 31
vch 30
hnuvoiclbsbcfcc 29
ayblt 27
jrmkkcjwnxrmag 24

Book #36:
atgkfulwuc 10
cmj 9
wls 8
voxoiqbjsuad 7
djmf 6
ywojib 5
gywtyet 4
nedjnb 3

Book #37:
vxawk 5
elyuxgswpj 4
ulgtdyv 3
ihblixye 2
nwpbx 1

Book #38:
ck 11
rewfd 10
fbbeg 6
gfutpufxitxbsp 5
bstlwsiskl 4
qbyygtl 3

Book #39:
rpsddjurnwn 6
hyrghxk 5
debknm 4
othtpbchrqpngkn 3
a 2

Book #40:
s 4
ibvixlog 3
bfhro 2
ip 1

Book #41:
idvsurqecdk 9
yinhvggbvwo 8
yhdyj 7
hhnt 6
fqkaqni 5
hbfepq 4
qurg 3
upcjawayf 2
chu 1

Book #42:
fyeoudwvkj 91
xxrytdc 90

Book #43:
eh 53
d 46
aiqhvnvmrpsc 40
wscdugoboawjw 37

Book #44:
hlytignjqowi 13
qetkovkbsoc 12
tmaacdyk 11
ykp 10
dvitjybj 9
vq 8
waccc 7
aebvllxlerhm 6

Book #45:
wkhqejon 9
gglravjewbtqc 6
kpmvtxia 5
wryw 4
blyej 3
oelclhqwv 2
uufy 1

Book #46:
ebpgqgvhbt 43
xnnmxksudxugda 37
wkop 25

Book #47:
uu 30
ynlmvu 24
v 18
jxufip 17
ly 14
bvjccrmwqwekawl 11
kmtixudyrybnm 10

Book #48:
owspmqjpu 8
uxrquytl 7
psfi 6
ddmpkiuhliv 5
aernfona 4
eroks 3
peemjjjcbj 2
v 1

Book #49:
waofamk 10
nyg 9
mdk 8
ahio 7
kjkjeawehwpd 6
dr 5
mgctgp 4

Book #50:
nwvtgwaqjxmetyk 42
xfvbtdgl 39
lbrjuvbd 33
jlixymaicei 29
pcftvwi 26

Book #51:
tiurqfop 21
fxhehk 18
qqg 17
jggtuwpptaj 16
hiwtovmmh 15
fsfobbgp 14
y 6

Book #52:
mln 17
arvdspxnae 16
agxpdxbcxxsv 15
oau 14
byvevnyeqx 10
ongl 9
sxxrlgckglhviu 8
ebhsmhh 6
uww 5

Book #53:
efaaiocmqg 38
txwcmwwajlu 36
miwtx 33
xaenvoeuekaptkc 30

Book #54:
ylvfu 29
qhmysjj 27
f 26
kqnolsj 24
xwyf 21
uwocrkwmttj 20
gebylsfvb 19

Book #55:
xglkucb 10
umurd 9
hvmkwnanmqqinel 8
wrwlsulspjcynec 6
b 5

Book #56:
yelldumjtex 24
icrdyaxaxnw 21

Book #57:
o 18
iocgkyfglawhpl 13
yiombtaiyhahfd 12
jjmabllapcxp 11
kjo 10

Book #58:
enberxgetahiy 20
ga 19
pcou 18
iiiajttejxhulqt 14
tdmyajyfuj 12
pdyirewh 11
oygvmlwa 10

Book #59:
dlwuoaoam 20
cgmw 18
ynbps 17
mdflje 16
cdl 15

Book #60:
biaapvm 3
pykmfltdxlmakg 2
grksgqorwedxcnv 1

Book #61:
ypk 47
qloyj 45

Book #62:
nbseebj 21
ths 19
ghaoyqsfbawaduy 17
gbfqgxov 16
n 14

Book #63:
eduax 11
aon 10
pegynxp 9
rjehnatqqouqa 8
cxiiaw 7
kteynknfygacvf 6
bttvvsikaruiomk 5
kjmsihss 4
icpyxgesdg 3
sjutlbsghrkowqe 2

Book #64:
r 16
ndjtefbbpfnak 14
weqmnyseiw 13
phmm 11
gbtlbheyskay 10
u 9
hinx 7
twsvbfn 6

Book #65:
qqixmtuqme 20
oxk 19
ginwq 18
a 17
dmkuelqcobd 13
mvytfrlndh 12
whpjaisnwdg 9
yrrpq 7

Book #66:
bevt 196

Book #67:
myaewqim 13
woslpkykrkkoh 12
atqsuwhs 11
wmopdmbxerx 10
ewbgdslk 9
jyktlygcffx 8
kuxwnusruuwr 7
kjqmdfdh 6
rqckg 4
bu 3

Book #68:
rwee 24
pgknxor 23
kmbqugphhifgwd 19
ccwyqn 18
xy 15
hsiqckjn 13
eswgdc 10

Book #69:
tgxgwlhlmubqctp 71
gqfavwdxnfdg 49
ftxhamfkpkyaggr 47

Book #70:
ovtwopju 13
ucfurhssrc 12
ohg 11
xfwbhu 10
efsqnbdjsfoheju 9
lhw 8

Book #71:
ohqovegllgo 13
tmjmqmpqr 12
avb 11
chcba 10
ewr 9
uoasrlsoff 8
aoov 7
ovlyghxlyw 6
sooqxyadvph 5
ves 3

Book #72:
hawalhttiurqw 35
coxqhe 34
jdgvtvb 29
blwfjgtcbb 28
wqn 27
jnjyfr 26

Book #73:
ycxdf 7
x 6
ltajqsdy 5
mffnehabckwjedj 4
ndcshd 3
elbyklr 2
dpjvs 1

Book #74:
fvcasetes 22
kpdrmmcqilco 21
adtqud 20
mdjoeotqaltqyno 19
ncqdb 18
eshl 16
yr 14
gdiwbpkgsto 10

Book #75:
aexgdgetgmx 24
aweatfrlk 23
ajvbmn 22
fbmvxwlg 21
rhqnrjrlfwnatac 17
lankjaflkx 14
ynxelfkorrjdv 10

Book #76:
icxtfdqdxkfqvh 39
sqlhmjkxjik 25

Book #77:
dgiucbx 105
aduaotbcx 85

Book #78:
mmotuucskmyf 62
xliv 61

Book #79:
qhqmveednrwk 13
fcdrgebcixemaq 12
spncissmvvkvagw 11
ejniqdfwrnfdyeu 10
dcp 9
ppgbwimg 8
rjbkngujkvgbq 6

Book #80:
forojkfpdg 13
ngo 12
qclohpij 11
mlccydcuvwejm 10
rc 9
lmtdvjlkdy 8
vbbxuxddllplp 7
ecwddj 4
pyhydigdl 3

Book #81:
fipdjfmv 28
fruicftwj 26
liadhjslncjqi 25
anhxrnqrhwatc 22
lgqacgmlqb 21
lmgplntsk 19
onixavphhrpd 14

Book #82:
flkpgfwkscc 30
ijqwo 26
rbywdqcks 23
d 21
bxjcu 20
oxyfoytfqsydf 19
nfgh 16

Book #83:
vyj 13
rtwdafhlkhmpjk 11
qsxup 10
yirfsxnalpacyk 9
gbjmxi 8
gasblnwex 7
hlvmuanbqqg 6
dsu 5

Book #84:
urm 19
yclce 16
jb 14
mdipccw 12
rjgkmghpgfgx 8

Book #85:
pg 16
vctgypaiiwsvj 12
plbeeanrlyytoa 10
gbdgdlrno 8

Book #86:
dncp 22
ewiucd 21
k 20
eyqlbkcvn 18
yypkobkbtkgkn 17
cxxlxfgfbvlk 16
fxnodtry 15
dmnybhcumu 14

Book #87:
qlupnheafwvbqv 8
kd 7
nubyxtvorfrajq 6

Book #88:
bavxecjcbmhyatb 14
xgntjw 12
ckvom 11
b 7
lyrrwqr 6
tkqbhyfdnphq 5

Book #89:
olqlifvjmv 9
coyuptpjyl 8
lfniaagbsup 7
ympoxspelpvw 6
yynnkbacqnjp 5
w 4
pjarhjfemnnrb 3
sryyeucnciqt 2
owsuyrqrnc 1

Book #90:
rwhhbqiorwlarjt 10
ntupqxmkgplrfr 9
hhmnyfafp 6
jawflolnthuht 5
wcgqeygppkshe 4

Book #91:
g 19
jplfqp 18
qo 17
vjjvn 16
wjy 15
ohccyw 14
oqnihcbkqpxuuy 10
bjwof 9

Book #92:
mlsgcsnmf 34
ayfsecsbvauukl 26
nwnrnijyfi 24
vogolcsihpnwxqg 22
eksyti 21
tlvqgwc 20

Book #93:
phg 17
wkcgiku 16
eg 15
exqwrfvmrvrsyxk 14
oosqopqcxpt 13
qjupu 12
gbixspwkaqart 11
iebxos 8
iqlnrkfnd 7

Book #94:
hnoiuw 17
m 14
k 13
mgoxpw 12

Book #95:
htryannllop 43
nehshwhbmws 36

Book #96:
tquvujmkgsesq 18
dylq 16
kediscsdxltno 15
we 14
hpotq 13
vmbrskf 12
rowswqjqmmanv 11
vdqtmsfaie 8

Book #97:
sjhcnlurou 20
fgpei 17
kdjm 16
mdenvfgyrptkgt 15
yfbnvihm 14
eh 11
isidfbkqhd 9

Book #98:
ptw 13
lnxjhkaox 12
wupmyvoudm 11
sjlabwqdbcvoln 10
bejtiysfunud 9
wvyhmgqfajkevgf 8
vtduvyddja 7
mtifl 6
wgervanpkcmel 4
jfs 3

Book #99:
jpbwadtw 13
empbdjlgovg 12
oojhapu 11
kvivrtrpwpp 10
bcoxhd 9
bj 7
tauk 6
gxgy 5

Book #100:
lnacuemmagypqxl 16
jsmtvphdqh 15
dim 11
sivwbif 10
svwsic 9
skaapnjunifndmq 5

